[2025-10-28T19:01:11.592+0000] {local_task_job_runner.py:123} INFO - ::group::Pre task execution logs
[2025-10-28T19:01:11.596+0000] {taskinstance.py:2612} INFO - Dependencies all met for dep_context=non-requeueable deps ti=<TaskInstance: elt_session_summary.build_session_summary manual__2025-10-28T19:01:05.980099+00:00 [queued]>
[2025-10-28T19:01:11.598+0000] {taskinstance.py:2612} INFO - Dependencies all met for dep_context=requeueable deps ti=<TaskInstance: elt_session_summary.build_session_summary manual__2025-10-28T19:01:05.980099+00:00 [queued]>
[2025-10-28T19:01:11.598+0000] {taskinstance.py:2865} INFO - Starting attempt 1 of 1
[2025-10-28T19:01:11.602+0000] {taskinstance.py:2888} INFO - Executing <Task(SnowflakeOperator): build_session_summary> on 2025-10-28 19:01:05.980099+00:00
[2025-10-28T19:01:11.605+0000] {logging_mixin.py:190} WARNING - /home/***/.local/lib/python3.12/site-packages/***/task/task_runner/standard_task_runner.py:70 DeprecationWarning: This process (pid=914) is multi-threaded, use of fork() may lead to deadlocks in the child.
[2025-10-28T19:01:11.605+0000] {standard_task_runner.py:72} INFO - Started process 917 to run task
[2025-10-28T19:01:11.605+0000] {standard_task_runner.py:104} INFO - Running: ['***', 'tasks', 'run', 'elt_session_summary', 'build_session_summary', 'manual__2025-10-28T19:01:05.980099+00:00', '--job-id', '9', '--raw', '--subdir', 'DAGS_FOLDER/elt_session_summary.py', '--cfg-path', '/tmp/tmp5cj4lqke']
[2025-10-28T19:01:11.606+0000] {standard_task_runner.py:105} INFO - Job 9: Subtask build_session_summary
[2025-10-28T19:01:11.619+0000] {task_command.py:467} INFO - Running <TaskInstance: elt_session_summary.build_session_summary manual__2025-10-28T19:01:05.980099+00:00 [running]> on host 956b3ea59049
[2025-10-28T19:01:11.640+0000] {taskinstance.py:3131} INFO - Exporting env vars: AIRFLOW_CTX_DAG_OWNER='***' AIRFLOW_CTX_DAG_ID='elt_session_summary' AIRFLOW_CTX_TASK_ID='build_session_summary' AIRFLOW_CTX_EXECUTION_DATE='2025-10-28T19:01:05.980099+00:00' AIRFLOW_CTX_TRY_NUMBER='1' AIRFLOW_CTX_DAG_RUN_ID='manual__2025-10-28T19:01:05.980099+00:00'
[2025-10-28T19:01:11.640+0000] {taskinstance.py:731} INFO - ::endgroup::
[2025-10-28T19:01:11.646+0000] {sql.py:266} INFO - Executing: 
USE WAREHOUSE GORILLA_WH_XSMALL;
USE DATABASE USER_DB_GORILLA;
CREATE SCHEMA IF NOT EXISTS ANALYTICS;
USE SCHEMA ANALYTICS;

-- Build analytics.session_summary (joined, deduped)
CREATE OR REPLACE TABLE SESSION_SUMMARY AS
WITH events AS (
  SELECT
    SESSION_ID,
    MIN(EVENT_TS) AS SESSION_START_TS,
    MAX(EVENT_TS) AS SESSION_END_TS
  FROM USER_DB_GORILLA.RAW.SESSION_TIMESTAMP
  GROUP BY SESSION_ID
),
deduped_channel AS (
  SELECT
    SESSION_ID,
    ANY_VALUE(USER_ID)  AS USER_ID,
    ANY_VALUE(CHANNEL)  AS CHANNEL
  FROM USER_DB_GORILLA.RAW.USER_SESSION_CHANNEL
  GROUP BY SESSION_ID
)
SELECT
  d.USER_ID,
  d.SESSION_ID,
  d.CHANNEL,
  e.SESSION_START_TS,
  e.SESSION_END_TS,
  DATEDIFF('second', e.SESSION_START_TS, e.SESSION_END_TS) AS SESSION_LENGTH_SECONDS
FROM deduped_channel d
JOIN events e USING (SESSION_ID);
[2025-10-28T19:01:11.649+0000] {base.py:84} INFO - Retrieving connection 'snowflake_conn'
[2025-10-28T19:01:11.651+0000] {base.py:84} INFO - Retrieving connection 'snowflake_conn'
[2025-10-28T19:01:11.651+0000] {connection.py:413} INFO - Snowflake Connector for Python Version: 3.12.1, Python Version: 3.12.5, Platform: Linux-6.10.14-linuxkit-aarch64-with-glibc2.36
[2025-10-28T19:01:11.652+0000] {connection.py:1196} INFO - Connecting to GLOBAL Snowflake domain
[2025-10-28T19:01:11.652+0000] {connection.py:1277} INFO - This connection is in OCSP Fail Open Mode. TLS Certificates would be checked for validity and revocation status. Any other Certificate Revocation related exceptions or OCSP Responder failures would be disregarded in favor of connectivity.
[2025-10-28T19:01:12.223+0000] {cursor.py:1156} INFO - Number of results in first chunk: 1
[2025-10-28T19:01:12.223+0000] {sql.py:509} INFO - Running statement: USE WAREHOUSE GORILLA_WH_XSMALL;, parameters: None
[2025-10-28T19:01:12.344+0000] {cursor.py:1156} INFO - Number of results in first chunk: 1
[2025-10-28T19:01:12.346+0000] {sql.py:518} INFO - Rows affected: 1
[2025-10-28T19:01:12.346+0000] {snowflake.py:422} INFO - Rows affected: 1
[2025-10-28T19:01:12.347+0000] {snowflake.py:423} INFO - Snowflake query id: 01c00495-0206-cc2f-000f-c0df005bbcea
[2025-10-28T19:01:12.347+0000] {sql.py:509} INFO - Running statement: USE DATABASE USER_DB_GORILLA;, parameters: None
[2025-10-28T19:01:12.553+0000] {cursor.py:1156} INFO - Number of results in first chunk: 1
[2025-10-28T19:01:12.554+0000] {sql.py:518} INFO - Rows affected: 1
[2025-10-28T19:01:12.555+0000] {snowflake.py:422} INFO - Rows affected: 1
[2025-10-28T19:01:12.555+0000] {snowflake.py:423} INFO - Snowflake query id: 01c00495-0206-cf62-000f-c0df005c0c4a
[2025-10-28T19:01:12.555+0000] {sql.py:509} INFO - Running statement: CREATE SCHEMA IF NOT EXISTS ANALYTICS;, parameters: None
[2025-10-28T19:01:12.668+0000] {cursor.py:1156} INFO - Number of results in first chunk: 1
[2025-10-28T19:01:12.668+0000] {sql.py:518} INFO - Rows affected: 1
[2025-10-28T19:01:12.668+0000] {snowflake.py:422} INFO - Rows affected: 1
[2025-10-28T19:01:12.669+0000] {snowflake.py:423} INFO - Snowflake query id: 01c00495-0206-d033-000f-c0df005c8092
[2025-10-28T19:01:12.669+0000] {sql.py:509} INFO - Running statement: USE SCHEMA ANALYTICS;, parameters: None
[2025-10-28T19:01:13.007+0000] {cursor.py:1156} INFO - Number of results in first chunk: 1
[2025-10-28T19:01:13.007+0000] {sql.py:518} INFO - Rows affected: 1
[2025-10-28T19:01:13.008+0000] {snowflake.py:422} INFO - Rows affected: 1
[2025-10-28T19:01:13.008+0000] {snowflake.py:423} INFO - Snowflake query id: 01c00495-0206-cd8a-000f-c0df005bebf2
[2025-10-28T19:01:13.009+0000] {sql.py:509} INFO - Running statement: -- Build analytics.session_summary (joined, deduped)
CREATE OR REPLACE TABLE SESSION_SUMMARY AS
WITH events AS (
  SELECT
    SESSION_ID,
    MIN(EVENT_TS) AS SESSION_START_TS,
    MAX(EVENT_TS) AS SESSION_END_TS
  FROM USER_DB_GORILLA.RAW.SESSION_TIMESTAMP
  GROUP BY SESSION_ID
),
deduped_channel AS (
  SELECT
    SESSION_ID,
    ANY_VALUE(USER_ID)  AS USER_ID,
    ANY_VALUE(CHANNEL)  AS CHANNEL
  FROM USER_DB_GORILLA.RAW.USER_SESSION_CHANNEL
  GROUP BY SESSION_ID
)
SELECT
  d.USER_ID,
  d.SESSION_ID,
  d.CHANNEL,
  e.SESSION_START_TS,
  e.SESSION_END_TS,
  DATEDIFF('second', e.SESSION_START_TS, e.SESSION_END_TS) AS SESSION_LENGTH_SECONDS
FROM deduped_channel d
JOIN events e USING (SESSION_ID);, parameters: None
[2025-10-28T19:01:15.052+0000] {cursor.py:1156} INFO - Number of results in first chunk: 1
[2025-10-28T19:01:15.054+0000] {sql.py:518} INFO - Rows affected: 1
[2025-10-28T19:01:15.054+0000] {snowflake.py:422} INFO - Rows affected: 1
[2025-10-28T19:01:15.054+0000] {snowflake.py:423} INFO - Snowflake query id: 01c00495-0206-cc85-000f-c0df005c5546
[2025-10-28T19:01:15.258+0000] {cursor.py:1156} INFO - Number of results in first chunk: 1
[2025-10-28T19:01:15.259+0000] {connection.py:788} INFO - closed
[2025-10-28T19:01:15.314+0000] {connection.py:794} INFO - No async queries seem to be running, deleting session
[2025-10-28T19:01:16.003+0000] {taskinstance.py:340} INFO - ::group::Post task execution logs
[2025-10-28T19:01:16.004+0000] {taskinstance.py:352} INFO - Marking task as SUCCESS. dag_id=elt_session_summary, task_id=build_session_summary, run_id=manual__2025-10-28T19:01:05.980099+00:00, execution_date=20251028T190105, start_date=20251028T190111, end_date=20251028T190116
[2025-10-28T19:01:16.029+0000] {local_task_job_runner.py:266} INFO - Task exited with return code 0
[2025-10-28T19:01:16.040+0000] {taskinstance.py:3900} INFO - 0 downstream tasks scheduled from follow-on schedule check
[2025-10-28T19:01:16.041+0000] {local_task_job_runner.py:245} INFO - ::endgroup::
